<?xml version="1.0" encoding="UTF-8"?>
<!-- Generated by org.testng.reporters.JUnitReportReporter -->
<testsuite skipped="0" hostname="home-PC" name="com.TestngPkg.TestNgPrj.App" tests="1" failures="0" timestamp="14 Jun 2017 20:09:47 GMT" time="0.047" errors="0">
  <testcase name="ecMth" time="0.047" classname="com.TestngPkg.TestNgPrj.App"/>
</testsuite> <!-- com.TestngPkg.TestNgPrj.App -->
